#
# There is insufficient memory for the Java Runtime Environment to continue.
# Native memory allocation (malloc) failed to allocate 132016 bytes. Error detail: Chunk::new
# Possible reasons:
#   The system is out of physical RAM or swap space
#   This process is running with CompressedOops enabled, and the Java Heap may be blocking the growth of the native heap
# Possible solutions:
#   Reduce memory load on the system
#   Increase physical memory or swap space
#   Check if swap backing store is full
#   Decrease Java heap size (-Xmx/-Xms)
#   Decrease number of Java threads
#   Decrease Java thread stack sizes (-Xss)
#   Set larger code cache with -XX:ReservedCodeCacheSize=
#   JVM is running with Unscaled Compressed Oops mode in which the Java heap is
#     placed in the first 4GB address space. The Java Heap base address is the
#     maximum limit for the native heap growth. Please use -XX:HeapBaseMinAddress
#     to set the Java Heap base and to place the Java Heap above 4GB virtual address.
# This output file may be truncated or incomplete.
#
#  Out of Memory Error (arena.cpp:191), pid=311816, tid=47752
#
# JRE version: OpenJDK Runtime Environment Temurin-17.0.12+7 (17.0.12+7) (build 17.0.12+7)
# Java VM: OpenJDK 64-Bit Server VM Temurin-17.0.12+7 (17.0.12+7, mixed mode, tiered, compressed oops, compressed class ptrs, parallel gc, windows-amd64)
# No core dump will be written. Minidumps are not enabled by default on client versions of Windows
#

---------------  S U M M A R Y ------------

Command Line: --add-modules=ALL-SYSTEM --add-opens=java.base/java.util=ALL-UNNAMED --add-opens=java.base/java.lang=ALL-UNNAMED --add-opens=java.base/sun.nio.fs=ALL-UNNAMED -Declipse.application=org.eclipse.jdt.ls.core.id1 -Dosgi.bundles.defaultStartLevel=4 -Declipse.product=org.eclipse.jdt.ls.core.product -Djava.import.generatesMetadataFilesAtProjectRoot=false -DDetectVMInstallationsJob.disabled=true -Dfile.encoding=utf8 -XX:+UseParallelGC -XX:GCTimeRatio=4 -XX:AdaptiveSizePolicyWeight=90 -Dsun.zip.disableMemoryMapping=true -Xmx1G -Xms100m -Xlog:disable -javaagent:c:\Users\user\.vscode\extensions\redhat.java-1.35.1-win32-x64\lombok\lombok-1.18.33.jar -XX:+HeapDumpOnOutOfMemoryError -XX:HeapDumpPath=c:\Users\user\AppData\Roaming\Code\User\workspaceStorage\3949468ece15dc12169cc3fc7f1f7f3f\redhat.java -Daether.dependencyCollector.impl=bf c:\Users\user\.vscode\extensions\redhat.java-1.35.1-win32-x64\server\plugins\org.eclipse.equinox.launcher_1.6.900.v20240613-2009.jar -configuration c:\Users\user\AppData\Roaming\Code\User\globalStorage\redhat.java\1.35.1\config_win -data c:\Users\user\AppData\Roaming\Code\User\workspaceStorage\3949468ece15dc12169cc3fc7f1f7f3f\redhat.java\jdt_ws --pipe=\\.\pipe\lsp-9a3b160c0cef1bf9bc8c7c43b848a682-sock

Host: Intel(R) Core(TM) i7-10750H CPU @ 2.60GHz, 12 cores, 15G,  Windows 10 , 64 bit Build 19041 (10.0.19041.4842)
Time: Sat Oct 12 16:27:07 2024 Egypt Daylight Time elapsed time: 13.316938 seconds (0d 0h 0m 13s)

---------------  T H R E A D  ---------------

Current thread (0x000001739a70a140):  JavaThread "C2 CompilerThread0" daemon [_thread_in_native, id=47752, stack(0x0000000929500000,0x0000000929600000)]


Current CompileTask:
C2:  13317 9350       4       java.util.Hashtable::addEntry (87 bytes)

Stack: [0x0000000929500000,0x0000000929600000]
Native frames: (J=compiled Java code, j=interpreted, Vv=VM code, C=native code)
V  [jvm.dll+0x67f929]
V  [jvm.dll+0x8371ba]
V  [jvm.dll+0x838c7e]
V  [jvm.dll+0x8392e3]
V  [jvm.dll+0x24834f]
V  [jvm.dll+0xac9d4]
V  [jvm.dll+0xad01c]
V  [jvm.dll+0x2af96f]
V  [jvm.dll+0x5868d7]
V  [jvm.dll+0x2231c2]
V  [jvm.dll+0x2235bf]
V  [jvm.dll+0x21c6e0]
V  [jvm.dll+0x219be1]
V  [jvm.dll+0x1a58bd]
V  [jvm.dll+0x229a2d]
V  [jvm.dll+0x227bdc]
V  [jvm.dll+0x7ec1f7]
V  [jvm.dll+0x7e65dc]
V  [jvm.dll+0x67e7f7]
C  [ucrtbase.dll+0x21bb2]
C  [KERNEL32.DLL+0x17374]
C  [ntdll.dll+0x4cc91]


---------------  P R O C E S S  ---------------

Threads class SMR info:
_java_thread_list=0x000001739f4ee800, length=55, elements={
0x00000173ff983eb0, 0x00000173953e88a0, 0x00000173953ea050, 0x000001739a6f8150,
0x000001739a6fcef0, 0x000001739a704850, 0x000001739a705780, 0x000001739a70a140,
0x000001739a70ab00, 0x000001739a70bbf0, 0x000001739a704d60, 0x000001739a7024e0,
0x000001739a705270, 0x000001739a7029f0, 0x000001739a703410, 0x000001739a703920,
0x000001739a701fd0, 0x000001739ca6d8f0, 0x000001739ca6d3e0, 0x000001739ca6e820,
0x000001739ca6de00, 0x000001739ca6e310, 0x000001739ca6ed30, 0x000001739ca6f240,
0x000001739ca6f750, 0x000001739ca6fc60, 0x000001739ca70170, 0x000001739ca70680,
0x000001739ca6ced0, 0x000001739d13eda0, 0x000001739d13cf40, 0x000001739d13a1b0,
0x000001739d139ca0, 0x000001739d138d70, 0x000001739d13a6c0, 0x000001739d138860,
0x000001739d138350, 0x000001739d13f2b0, 0x000001739d13fcd0, 0x000001739d13abd0,
0x000001739d13c010, 0x000001739d139280, 0x000001739d13d960, 0x000001739d13e890,
0x000001739d13bb00, 0x000001739d13de70, 0x000001739d13d450, 0x000001739d13b5f0,
0x000001739d13c520, 0x000001739d13e380, 0x000001739a704340, 0x000001739f8877f0,
0x000001739f8868c0, 0x000001739f886dd0, 0x000001739f889650
}

Java Threads: ( => current thread )
  0x00000173ff983eb0 JavaThread "main" [_thread_blocked, id=320612, stack(0x0000000928c00000,0x0000000928d00000)]
  0x00000173953e88a0 JavaThread "Reference Handler" daemon [_thread_blocked, id=316528, stack(0x0000000928f00000,0x0000000929000000)]
  0x00000173953ea050 JavaThread "Finalizer" daemon [_thread_blocked, id=316444, stack(0x0000000929000000,0x0000000929100000)]
  0x000001739a6f8150 JavaThread "Signal Dispatcher" daemon [_thread_blocked, id=314560, stack(0x0000000929100000,0x0000000929200000)]
  0x000001739a6fcef0 JavaThread "Attach Listener" daemon [_thread_blocked, id=315664, stack(0x0000000929200000,0x0000000929300000)]
  0x000001739a704850 JavaThread "Service Thread" daemon [_thread_blocked, id=316112, stack(0x0000000929300000,0x0000000929400000)]
  0x000001739a705780 JavaThread "Monitor Deflation Thread" daemon [_thread_blocked, id=40804, stack(0x0000000929400000,0x0000000929500000)]
=>0x000001739a70a140 JavaThread "C2 CompilerThread0" daemon [_thread_in_native, id=47752, stack(0x0000000929500000,0x0000000929600000)]
  0x000001739a70ab00 JavaThread "C1 CompilerThread0" daemon [_thread_blocked, id=202232, stack(0x0000000929600000,0x0000000929700000)]
  0x000001739a70bbf0 JavaThread "Sweeper thread" daemon [_thread_blocked, id=319220, stack(0x0000000929700000,0x0000000929800000)]
  0x000001739a704d60 JavaThread "Common-Cleaner" daemon [_thread_blocked, id=316456, stack(0x0000000929800000,0x0000000929900000)]
  0x000001739a7024e0 JavaThread "Notification Thread" daemon [_thread_blocked, id=314204, stack(0x0000000929900000,0x0000000929a00000)]
  0x000001739a705270 JavaThread "Active Thread: Equinox Container: 4bfaabab-0c58-4742-9091-c45030d39b11" [_thread_blocked, id=290908, stack(0x000000092a100000,0x000000092a200000)]
  0x000001739a7029f0 JavaThread "Framework Event Dispatcher: Equinox Container: 4bfaabab-0c58-4742-9091-c45030d39b11" daemon [_thread_blocked, id=317792, stack(0x000000092a200000,0x000000092a300000)]
  0x000001739a703410 JavaThread "Start Level: Equinox Container: 4bfaabab-0c58-4742-9091-c45030d39b11" daemon [_thread_blocked, id=305652, stack(0x000000092a300000,0x000000092a400000)]
  0x000001739a703920 JavaThread "Bundle File Closer" daemon [_thread_blocked, id=314520, stack(0x000000092a500000,0x000000092a600000)]
  0x000001739a701fd0 JavaThread "SCR Component Actor" daemon [_thread_blocked, id=303172, stack(0x000000092a700000,0x000000092a800000)]
  0x000001739ca6d8f0 JavaThread "Worker-JM" [_thread_blocked, id=206448, stack(0x000000092aa00000,0x000000092ab00000)]
  0x000001739ca6d3e0 JavaThread "JNA Cleaner" daemon [_thread_blocked, id=291488, stack(0x000000092ab00000,0x000000092ac00000)]
  0x000001739ca6e820 JavaThread "Worker-0: Initialize workspace" [_thread_in_native, id=308604, stack(0x000000092ac00000,0x000000092ad00000)]
  0x000001739ca6de00 JavaThread "Worker-1" [_thread_blocked, id=307332, stack(0x000000092ad00000,0x000000092ae00000)]
  0x000001739ca6e310 JavaThread "Java indexing" daemon [_thread_blocked, id=319476, stack(0x000000092ae00000,0x000000092af00000)]
  0x000001739ca6ed30 JavaThread "Thread-2" daemon [_thread_in_native, id=308420, stack(0x000000092af00000,0x000000092b000000)]
  0x000001739ca6f240 JavaThread "Thread-3" daemon [_thread_in_native, id=320664, stack(0x000000092b000000,0x000000092b100000)]
  0x000001739ca6f750 JavaThread "Thread-4" daemon [_thread_in_native, id=315228, stack(0x000000092b100000,0x000000092b200000)]
  0x000001739ca6fc60 JavaThread "Thread-5" daemon [_thread_in_native, id=317452, stack(0x000000092b200000,0x000000092b300000)]
  0x000001739ca70170 JavaThread "Thread-6" daemon [_thread_in_native, id=233020, stack(0x000000092b300000,0x000000092b400000)]
  0x000001739ca70680 JavaThread "Thread-7" daemon [_thread_in_native, id=310448, stack(0x000000092b400000,0x000000092b500000)]
  0x000001739ca6ced0 JavaThread "Thread-8" daemon [_thread_in_native, id=318132, stack(0x000000092b500000,0x000000092b600000)]
  0x000001739d13eda0 JavaThread "Thread-9" daemon [_thread_in_native, id=298376, stack(0x000000092b600000,0x000000092b700000)]
  0x000001739d13cf40 JavaThread "Thread-10" daemon [_thread_in_native, id=321208, stack(0x000000092b700000,0x000000092b800000)]
  0x000001739d13a1b0 JavaThread "Thread-11" daemon [_thread_in_native, id=318816, stack(0x000000092b800000,0x000000092b900000)]
  0x000001739d139ca0 JavaThread "Thread-12" daemon [_thread_in_native, id=22296, stack(0x000000092b900000,0x000000092ba00000)]
  0x000001739d138d70 JavaThread "Thread-13" daemon [_thread_in_native, id=41160, stack(0x000000092ba00000,0x000000092bb00000)]
  0x000001739d13a6c0 JavaThread "Thread-14" daemon [_thread_in_native, id=302660, stack(0x000000092bb00000,0x000000092bc00000)]
  0x000001739d138860 JavaThread "Worker-2" [_thread_blocked, id=232460, stack(0x000000092bc00000,0x000000092bd00000)]
  0x000001739d138350 JavaThread "pool-2-thread-1" [_thread_blocked, id=206392, stack(0x000000092bd00000,0x000000092be00000)]
  0x000001739d13f2b0 JavaThread "WorkspaceEventsHandler" [_thread_blocked, id=312540, stack(0x000000092be00000,0x000000092bf00000)]
  0x000001739d13fcd0 JavaThread "pool-1-thread-1" [_thread_blocked, id=303528, stack(0x000000092bf00000,0x000000092c000000)]
  0x000001739d13abd0 JavaThread "Worker-3" [_thread_blocked, id=301180, stack(0x000000092c000000,0x000000092c100000)]
  0x000001739d13c010 JavaThread "ForkJoinPool.commonPool-worker-1" daemon [_thread_blocked, id=312256, stack(0x000000092c100000,0x000000092c200000)]
  0x000001739d139280 JavaThread "ForkJoinPool.commonPool-worker-2" daemon [_thread_blocked, id=312612, stack(0x000000092c200000,0x000000092c300000)]
  0x000001739d13d960 JavaThread "Worker-4" [_thread_blocked, id=290944, stack(0x000000092c300000,0x000000092c400000)]
  0x000001739d13e890 JavaThread "Worker-5" [_thread_blocked, id=149200, stack(0x000000092c400000,0x000000092c500000)]
  0x000001739d13bb00 JavaThread "Compiler Source File Reader" daemon [_thread_blocked, id=302564, stack(0x000000092c500000,0x000000092c600000)]
  0x000001739d13de70 JavaThread "ForkJoinPool.commonPool-worker-3" daemon [_thread_blocked, id=319508, stack(0x000000092c600000,0x000000092c700000)]
  0x000001739d13d450 JavaThread "ForkJoinPool.commonPool-worker-4" daemon [_thread_blocked, id=318460, stack(0x000000092c700000,0x000000092c800000)]
  0x000001739d13b5f0 JavaThread "Compiler Processing Task" daemon [_thread_blocked, id=285096, stack(0x000000092c800000,0x000000092c900000)]
  0x000001739d13c520 JavaThread "ForkJoinPool.commonPool-worker-5" daemon [_thread_blocked, id=319108, stack(0x000000092c900000,0x000000092ca00000)]
  0x000001739d13e380 JavaThread "ForkJoinPool.commonPool-worker-6" daemon [_thread_blocked, id=319944, stack(0x000000092ca00000,0x000000092cb00000)]
  0x000001739a704340 JavaThread "ForkJoinPool.commonPool-worker-7" daemon [_thread_blocked, id=304232, stack(0x000000092cc00000,0x000000092cd00000)]
  0x000001739f8877f0 JavaThread "Compiler Source File Reader" daemon [_thread_blocked, id=318860, stack(0x000000092cd00000,0x000000092ce00000)]
  0x000001739f8868c0 JavaThread "ForkJoinPool.commonPool-worker-8" daemon [_thread_blocked, id=8428, stack(0x000000092ce00000,0x000000092cf00000)]
  0x000001739f886dd0 JavaThread "Cleaner-0" daemon [_thread_blocked, id=311116, stack(0x000000092cb00000,0x000000092cc00000)]
  0x000001739f889650 JavaThread "ForkJoinPool.commonPool-worker-9" daemon [_thread_blocked, id=116944, stack(0x000000092cf00000,0x000000092d000000)]

Other Threads:
  0x00000173ffa395a0 VMThread "VM Thread" [stack: 0x0000000928e00000,0x0000000928f00000] [id=301448]
  0x000001739bd4e320 WatcherThread [stack: 0x0000000929a00000,0x0000000929b00000] [id=319528]
  0x00000173ff997e30 GCTaskThread "GC Thread#0" [stack: 0x0000000928d00000,0x0000000928e00000] [id=38272]
  0x000001739c45d8e0 GCTaskThread "GC Thread#1" [stack: 0x0000000929b00000,0x0000000929c00000] [id=50660]
  0x000001739c47ed00 GCTaskThread "GC Thread#2" [stack: 0x0000000929c00000,0x0000000929d00000] [id=310412]
  0x000001739c110d90 GCTaskThread "GC Thread#3" [stack: 0x0000000929d00000,0x0000000929e00000] [id=291408]
  0x000001739c122e20 GCTaskThread "GC Thread#4" [stack: 0x0000000929e00000,0x0000000929f00000] [id=309040]
  0x000001739c03a030 GCTaskThread "GC Thread#5" [stack: 0x0000000929f00000,0x000000092a000000] [id=319300]
  0x000001739c434e80 GCTaskThread "GC Thread#6" [stack: 0x000000092a000000,0x000000092a100000] [id=305328]
  0x000001739c1c4870 GCTaskThread "GC Thread#7" [stack: 0x000000092a400000,0x000000092a500000] [id=304032]
  0x000001739c39f490 GCTaskThread "GC Thread#8" [stack: 0x000000092a600000,0x000000092a700000] [id=319100]
  0x000001739cafe590 GCTaskThread "GC Thread#9" [stack: 0x000000092a900000,0x000000092aa00000] [id=312900]

Threads with active compile tasks:
C2 CompilerThread0    13351 9350       4       java.util.Hashtable::addEntry (87 bytes)

VM state: not at safepoint (normal execution)

VM Mutex/Monitor currently owned by a thread: None

Heap address: 0x00000000c0000000, size: 1024 MB, Compressed Oops mode: 32-bit

CDS archive(s) not mapped
Compressed class space mapped at: 0x0000000100000000-0x0000000140000000, reserved size: 1073741824
Narrow klass base: 0x0000000000000000, Narrow klass shift: 3, Narrow klass range: 0x140000000

GC Precious Log:
 CPUs: 12 total, 12 available
 Memory: 16291M
 Large Page Support: Disabled
 NUMA Support: Disabled
 Compressed Oops: Enabled (32-bit)
 Alignments: Space 512K, Generation 512K, Heap 2M
 Heap Min Capacity: 100M
 Heap Initial Capacity: 100M
 Heap Max Capacity: 1G
 Pre-touch: Disabled
 Parallel Workers: 10

Heap:
 PSYoungGen      total 24576K, used 8258K [0x00000000eab00000, 0x00000000eca80000, 0x0000000100000000)
  eden space 19456K, 17% used [0x00000000eab00000,0x00000000eae54978,0x00000000ebe00000)
  from space 5120K, 95% used [0x00000000ec580000,0x00000000eca477f8,0x00000000eca80000)
  to   space 6144K, 0% used [0x00000000ebe80000,0x00000000ebe80000,0x00000000ec480000)
 ParOldGen       total 117248K, used 111688K [0x00000000c0000000, 0x00000000c7280000, 0x00000000eab00000)
  object space 117248K, 95% used [0x00000000c0000000,0x00000000c6d121e0,0x00000000c7280000)
 Metaspace       used 71052K, committed 72448K, reserved 1114112K
  class space    used 7510K, committed 8128K, reserved 1048576K

Card table byte_map: [0x00000173ffc20000,0x00000173ffe30000] _byte_map_base: 0x00000173ff620000

Marking Bits: (ParMarkBitMap*) 0x00007fffc57758b0
 Begin Bits: [0x0000017392ff0000, 0x0000017393ff0000)
 End Bits:   [0x0000017393ff0000, 0x0000017394ff0000)

Polling page: 0x00000173ff500000

Metaspace:

Usage:
  Non-class:     62.05 MB used.
      Class:      7.33 MB used.
       Both:     69.39 MB used.

Virtual space:
  Non-class space:       64.00 MB reserved,      62.81 MB ( 98%) committed,  1 nodes.
      Class space:        1.00 GB reserved,       7.94 MB ( <1%) committed,  1 nodes.
             Both:        1.06 GB reserved,      70.75 MB (  7%) committed. 

Chunk freelists:
   Non-Class:  390.00 KB
       Class:  7.93 MB
        Both:  8.31 MB

MaxMetaspaceSize: unlimited
CompressedClassSpaceSize: 1.00 GB
Initial GC threshold: 21.00 MB
Current GC threshold: 107.81 MB
CDS: off
MetaspaceReclaimPolicy: balanced
 - commit_granule_bytes: 65536.
 - commit_granule_words: 8192.
 - virtual_space_node_default_size: 8388608.
 - enlarge_chunks_in_place: 1.
 - new_chunks_are_fully_committed: 0.
 - uncommit_free_chunks: 1.
 - use_allocation_guard: 0.
 - handle_deallocations: 1.


Internal statistics:

num_allocs_failed_limit: 11.
num_arena_births: 896.
num_arena_deaths: 22.
num_vsnodes_births: 2.
num_vsnodes_deaths: 0.
num_space_committed: 1132.
num_space_uncommitted: 0.
num_chunks_returned_to_freelist: 37.
num_chunks_taken_from_freelist: 3931.
num_chunk_merges: 16.
num_chunk_splits: 2383.
num_chunks_enlarged: 1301.
num_inconsistent_stats: 0.

CodeHeap 'non-profiled nmethods': size=120000Kb used=3725Kb max_used=3725Kb free=116274Kb
 bounds [0x000001738bac0000, 0x000001738be70000, 0x0000017392ff0000]
CodeHeap 'profiled nmethods': size=120000Kb used=17487Kb max_used=17487Kb free=102512Kb
 bounds [0x0000017383ff0000, 0x0000017385110000, 0x000001738b520000]
CodeHeap 'non-nmethods': size=5760Kb used=1373Kb max_used=1420Kb free=4387Kb
 bounds [0x000001738b520000, 0x000001738b790000, 0x000001738bac0000]
 total_blobs=9279 nmethods=8556 adapters=637
 compilation: enabled
              stopped_count=0, restarted_count=0
 full_count=0

Compilation events (20 events):
Event: 13.252 Thread 0x000001739a70ab00 9483       1       org.eclipse.m2e.jdt.internal.ClasspathEntryDescriptor::getArtifactKey (5 bytes)
Event: 13.252 Thread 0x000001739a70ab00 nmethod 9483 0x000001738be5ea90 code [0x000001738be5ec20, 0x000001738be5ecf8]
Event: 13.252 Thread 0x000001739a70ab00 9484       1       org.eclipse.m2e.core.embedder.ArtifactKey::classifier (5 bytes)
Event: 13.252 Thread 0x000001739a70ab00 nmethod 9484 0x000001738be5ed90 code [0x000001738be5ef20, 0x000001738be5eff8]
Event: 13.253 Thread 0x000001739a70ab00 9486       3       org.eclipse.core.internal.resources.ProjectPreferences::getLoadLevel (59 bytes)
Event: 13.254 Thread 0x000001739a70ab00 nmethod 9486 0x00000173850fe510 code [0x00000173850fe700, 0x00000173850fed98]
Event: 13.258 Thread 0x000001739a70ab00 9488       3       org.eclipse.jdt.internal.compiler.lookup.SourceTypeBinding::isPrototype (12 bytes)
Event: 13.258 Thread 0x000001739a70ab00 nmethod 9488 0x00000173850fef90 code [0x00000173850ff120, 0x00000173850ff298]
Event: 13.260 Thread 0x000001739a70ab00 9489       3       java.lang.NoSuchMethodException::<init> (6 bytes)
Event: 13.260 Thread 0x000001739a70ab00 nmethod 9489 0x00000173850ff310 code [0x00000173850ff4c0, 0x00000173850ff6c8]
Event: 13.261 Thread 0x000001739a70ab00 9490       3       com.google.gson.internal.bind.TypeAdapters$7::write (10 bytes)
Event: 13.261 Thread 0x000001739a70ab00 nmethod 9490 0x00000173850ff810 code [0x00000173850ffa40, 0x0000017385100208]
Event: 13.280 Thread 0x000001739a70ab00 9491       3       java.util.TaskQueue::isEmpty (13 bytes)
Event: 13.280 Thread 0x000001739a70ab00 nmethod 9491 0x0000017385100490 code [0x0000017385100620, 0x0000017385100798]
Event: 13.298 Thread 0x000001739a70a140 nmethod 9411 0x000001738be5f390 code [0x000001738be5f6e0, 0x000001738be61598]
Event: 13.298 Thread 0x000001739a70a140 9485       4       java.util.Arrays::fill (21 bytes)
Event: 13.305 Thread 0x000001739a70a140 nmethod 9485 0x000001738be62e90 code [0x000001738be63000, 0x000001738be63158]
Event: 13.305 Thread 0x000001739a70a140 9479       4       java.util.regex.Pattern$Branch::match (66 bytes)
Event: 13.308 Thread 0x000001739a70a140 nmethod 9479 0x000001738be63210 code [0x000001738be633a0, 0x000001738be63558]
Event: 13.308 Thread 0x000001739a70a140 9350       4       java.util.Hashtable::addEntry (87 bytes)

GC Heap History (20 events):
Event: 10.619 GC heap before
{Heap before GC invocations=84 (full 5):
 PSYoungGen      total 19456K, used 19408K [0x00000000eab00000, 0x00000000ec380000, 0x0000000100000000)
  eden space 15360K, 100% used [0x00000000eab00000,0x00000000eba00000,0x00000000eba00000)
  from space 4096K, 98% used [0x00000000ebe80000,0x00000000ec2742f8,0x00000000ec280000)
  to   space 4608K, 0% used [0x00000000eba00000,0x00000000eba00000,0x00000000ebe80000)
 ParOldGen       total 117248K, used 99388K [0x00000000c0000000, 0x00000000c7280000, 0x00000000eab00000)
  object space 117248K, 84% used [0x00000000c0000000,0x00000000c610f018,0x00000000c7280000)
 Metaspace       used 66049K, committed 67328K, reserved 1114112K
  class space    used 7034K, committed 7616K, reserved 1048576K
}
Event: 10.623 GC heap after
{Heap after GC invocations=84 (full 5):
 PSYoungGen      total 19968K, used 4592K [0x00000000eab00000, 0x00000000ec680000, 0x0000000100000000)
  eden space 15360K, 0% used [0x00000000eab00000,0x00000000eab00000,0x00000000eba00000)
  from space 4608K, 99% used [0x00000000eba00000,0x00000000ebe7c018,0x00000000ebe80000)
  to   space 5632K, 0% used [0x00000000ec100000,0x00000000ec100000,0x00000000ec680000)
 ParOldGen       total 117248K, used 100084K [0x00000000c0000000, 0x00000000c7280000, 0x00000000eab00000)
  object space 117248K, 85% used [0x00000000c0000000,0x00000000c61bd380,0x00000000c7280000)
 Metaspace       used 66049K, committed 67328K, reserved 1114112K
  class space    used 7034K, committed 7616K, reserved 1048576K
}
Event: 10.760 GC heap before
{Heap before GC invocations=85 (full 5):
 PSYoungGen      total 19968K, used 19952K [0x00000000eab00000, 0x00000000ec680000, 0x0000000100000000)
  eden space 15360K, 100% used [0x00000000eab00000,0x00000000eba00000,0x00000000eba00000)
  from space 4608K, 99% used [0x00000000eba00000,0x00000000ebe7c018,0x00000000ebe80000)
  to   space 5632K, 0% used [0x00000000ec100000,0x00000000ec100000,0x00000000ec680000)
 ParOldGen       total 117248K, used 100084K [0x00000000c0000000, 0x00000000c7280000, 0x00000000eab00000)
  object space 117248K, 85% used [0x00000000c0000000,0x00000000c61bd380,0x00000000c7280000)
 Metaspace       used 66146K, committed 67392K, reserved 1114112K
  class space    used 7043K, committed 7616K, reserved 1048576K
}
Event: 10.766 GC heap after
{Heap after GC invocations=85 (full 5):
 PSYoungGen      total 20992K, used 5624K [0x00000000eab00000, 0x00000000ec800000, 0x0000000100000000)
  eden space 15360K, 0% used [0x00000000eab00000,0x00000000eab00000,0x00000000eba00000)
  from space 5632K, 99% used [0x00000000ec100000,0x00000000ec67e1b8,0x00000000ec680000)
  to   space 7168K, 0% used [0x00000000eba00000,0x00000000eba00000,0x00000000ec100000)
 ParOldGen       total 117248K, used 101200K [0x00000000c0000000, 0x00000000c7280000, 0x00000000eab00000)
  object space 117248K, 86% used [0x00000000c0000000,0x00000000c62d4230,0x00000000c7280000)
 Metaspace       used 66146K, committed 67392K, reserved 1114112K
  class space    used 7043K, committed 7616K, reserved 1048576K
}
Event: 10.791 GC heap before
{Heap before GC invocations=86 (full 5):
 PSYoungGen      total 20992K, used 20984K [0x00000000eab00000, 0x00000000ec800000, 0x0000000100000000)
  eden space 15360K, 100% used [0x00000000eab00000,0x00000000eba00000,0x00000000eba00000)
  from space 5632K, 99% used [0x00000000ec100000,0x00000000ec67e1b8,0x00000000ec680000)
  to   space 7168K, 0% used [0x00000000eba00000,0x00000000eba00000,0x00000000ec100000)
 ParOldGen       total 117248K, used 101200K [0x00000000c0000000, 0x00000000c7280000, 0x00000000eab00000)
  object space 117248K, 86% used [0x00000000c0000000,0x00000000c62d4230,0x00000000c7280000)
 Metaspace       used 66157K, committed 67456K, reserved 1114112K
  class space    used 7044K, committed 7616K, reserved 1048576K
}
Event: 10.797 GC heap after
{Heap after GC invocations=86 (full 5):
 PSYoungGen      total 22528K, used 7155K [0x00000000eab00000, 0x00000000ecd80000, 0x0000000100000000)
  eden space 15360K, 0% used [0x00000000eab00000,0x00000000eab00000,0x00000000eba00000)
  from space 7168K, 99% used [0x00000000eba00000,0x00000000ec0fcd20,0x00000000ec100000)
  to   space 9216K, 0% used [0x00000000ec480000,0x00000000ec480000,0x00000000ecd80000)
 ParOldGen       total 117248K, used 102834K [0x00000000c0000000, 0x00000000c7280000, 0x00000000eab00000)
  object space 117248K, 87% used [0x00000000c0000000,0x00000000c646c810,0x00000000c7280000)
 Metaspace       used 66157K, committed 67456K, reserved 1114112K
  class space    used 7044K, committed 7616K, reserved 1048576K
}
Event: 10.893 GC heap before
{Heap before GC invocations=87 (full 5):
 PSYoungGen      total 22528K, used 22515K [0x00000000eab00000, 0x00000000ecd80000, 0x0000000100000000)
  eden space 15360K, 99% used [0x00000000eab00000,0x00000000eb9fff50,0x00000000eba00000)
  from space 7168K, 99% used [0x00000000eba00000,0x00000000ec0fcd20,0x00000000ec100000)
  to   space 9216K, 0% used [0x00000000ec480000,0x00000000ec480000,0x00000000ecd80000)
 ParOldGen       total 117248K, used 102834K [0x00000000c0000000, 0x00000000c7280000, 0x00000000eab00000)
  object space 117248K, 87% used [0x00000000c0000000,0x00000000c646c810,0x00000000c7280000)
 Metaspace       used 66188K, committed 67456K, reserved 1114112K
  class space    used 7045K, committed 7616K, reserved 1048576K
}
Event: 10.898 GC heap after
{Heap after GC invocations=87 (full 5):
 PSYoungGen      total 25088K, used 7758K [0x00000000eab00000, 0x00000000ecc80000, 0x0000000100000000)
  eden space 16896K, 0% used [0x00000000eab00000,0x00000000eab00000,0x00000000ebb80000)
  from space 8192K, 94% used [0x00000000ec480000,0x00000000ecc13bd8,0x00000000ecc80000)
  to   space 8192K, 0% used [0x00000000ebc80000,0x00000000ebc80000,0x00000000ec480000)
 ParOldGen       total 117248K, used 103920K [0x00000000c0000000, 0x00000000c7280000, 0x00000000eab00000)
  object space 117248K, 88% used [0x00000000c0000000,0x00000000c657c368,0x00000000c7280000)
 Metaspace       used 66188K, committed 67456K, reserved 1114112K
  class space    used 7045K, committed 7616K, reserved 1048576K
}
Event: 10.944 GC heap before
{Heap before GC invocations=88 (full 5):
 PSYoungGen      total 25088K, used 24654K [0x00000000eab00000, 0x00000000ecc80000, 0x0000000100000000)
  eden space 16896K, 100% used [0x00000000eab00000,0x00000000ebb80000,0x00000000ebb80000)
  from space 8192K, 94% used [0x00000000ec480000,0x00000000ecc13bd8,0x00000000ecc80000)
  to   space 8192K, 0% used [0x00000000ebc80000,0x00000000ebc80000,0x00000000ec480000)
 ParOldGen       total 117248K, used 103920K [0x00000000c0000000, 0x00000000c7280000, 0x00000000eab00000)
  object space 117248K, 88% used [0x00000000c0000000,0x00000000c657c368,0x00000000c7280000)
 Metaspace       used 66206K, committed 67456K, reserved 1114112K
  class space    used 7045K, committed 7616K, reserved 1048576K
}
Event: 10.949 GC heap after
{Heap after GC invocations=88 (full 5):
 PSYoungGen      total 26112K, used 8186K [0x00000000eab00000, 0x00000000ece00000, 0x0000000100000000)
  eden space 17920K, 0% used [0x00000000eab00000,0x00000000eab00000,0x00000000ebc80000)
  from space 8192K, 99% used [0x00000000ebc80000,0x00000000ec47eb20,0x00000000ec480000)
  to   space 8704K, 0% used [0x00000000ec580000,0x00000000ec580000,0x00000000ece00000)
 ParOldGen       total 117248K, used 104253K [0x00000000c0000000, 0x00000000c7280000, 0x00000000eab00000)
  object space 117248K, 88% used [0x00000000c0000000,0x00000000c65cf568,0x00000000c7280000)
 Metaspace       used 66206K, committed 67456K, reserved 1114112K
  class space    used 7045K, committed 7616K, reserved 1048576K
}
Event: 11.020 GC heap before
{Heap before GC invocations=89 (full 5):
 PSYoungGen      total 26112K, used 26106K [0x00000000eab00000, 0x00000000ece00000, 0x0000000100000000)
  eden space 17920K, 100% used [0x00000000eab00000,0x00000000ebc80000,0x00000000ebc80000)
  from space 8192K, 99% used [0x00000000ebc80000,0x00000000ec47eb20,0x00000000ec480000)
  to   space 8704K, 0% used [0x00000000ec580000,0x00000000ec580000,0x00000000ece00000)
 ParOldGen       total 117248K, used 104253K [0x00000000c0000000, 0x00000000c7280000, 0x00000000eab00000)
  object space 117248K, 88% used [0x00000000c0000000,0x00000000c65cf568,0x00000000c7280000)
 Metaspace       used 66559K, committed 67840K, reserved 1114112K
  class space    used 7074K, committed 7680K, reserved 1048576K
}
Event: 11.025 GC heap after
{Heap after GC invocations=89 (full 5):
 PSYoungGen      total 27136K, used 6618K [0x00000000eab00000, 0x00000000ecd00000, 0x0000000100000000)
  eden space 19456K, 0% used [0x00000000eab00000,0x00000000eab00000,0x00000000ebe00000)
  from space 7680K, 86% used [0x00000000ec580000,0x00000000ecbf6928,0x00000000ecd00000)
  to   space 7680K, 0% used [0x00000000ebe00000,0x00000000ebe00000,0x00000000ec580000)
 ParOldGen       total 117248K, used 105936K [0x00000000c0000000, 0x00000000c7280000, 0x00000000eab00000)
  object space 117248K, 90% used [0x00000000c0000000,0x00000000c67742e0,0x00000000c7280000)
 Metaspace       used 66559K, committed 67840K, reserved 1114112K
  class space    used 7074K, committed 7680K, reserved 1048576K
}
Event: 11.119 GC heap before
{Heap before GC invocations=90 (full 5):
 PSYoungGen      total 27136K, used 26074K [0x00000000eab00000, 0x00000000ecd00000, 0x0000000100000000)
  eden space 19456K, 100% used [0x00000000eab00000,0x00000000ebe00000,0x00000000ebe00000)
  from space 7680K, 86% used [0x00000000ec580000,0x00000000ecbf6928,0x00000000ecd00000)
  to   space 7680K, 0% used [0x00000000ebe00000,0x00000000ebe00000,0x00000000ec580000)
 ParOldGen       total 117248K, used 105936K [0x00000000c0000000, 0x00000000c7280000, 0x00000000eab00000)
  object space 117248K, 90% used [0x00000000c0000000,0x00000000c67742e0,0x00000000c7280000)
 Metaspace       used 67602K, committed 68864K, reserved 1114112K
  class space    used 7160K, committed 7744K, reserved 1048576K
}
Event: 11.125 GC heap after
{Heap after GC invocations=90 (full 5):
 PSYoungGen      total 27136K, used 7674K [0x00000000eab00000, 0x00000000ecf00000, 0x0000000100000000)
  eden space 19456K, 0% used [0x00000000eab00000,0x00000000eab00000,0x00000000ebe00000)
  from space 7680K, 99% used [0x00000000ebe00000,0x00000000ec57e928,0x00000000ec580000)
  to   space 8704K, 0% used [0x00000000ec680000,0x00000000ec680000,0x00000000ecf00000)
 ParOldGen       total 117248K, used 106336K [0x00000000c0000000, 0x00000000c7280000, 0x00000000eab00000)
  object space 117248K, 90% used [0x00000000c0000000,0x00000000c67d82e0,0x00000000c7280000)
 Metaspace       used 67602K, committed 68864K, reserved 1114112K
  class space    used 7160K, committed 7744K, reserved 1048576K
}
Event: 11.216 GC heap before
{Heap before GC invocations=91 (full 5):
 PSYoungGen      total 27136K, used 27106K [0x00000000eab00000, 0x00000000ecf00000, 0x0000000100000000)
  eden space 19456K, 99% used [0x00000000eab00000,0x00000000ebdf9fc8,0x00000000ebe00000)
  from space 7680K, 99% used [0x00000000ebe00000,0x00000000ec57e928,0x00000000ec580000)
  to   space 8704K, 0% used [0x00000000ec680000,0x00000000ec680000,0x00000000ecf00000)
 ParOldGen       total 117248K, used 106336K [0x00000000c0000000, 0x00000000c7280000, 0x00000000eab00000)
  object space 117248K, 90% used [0x00000000c0000000,0x00000000c67d82e0,0x00000000c7280000)
 Metaspace       used 68205K, committed 69504K, reserved 1114112K
  class space    used 7218K, committed 7808K, reserved 1048576K
}
Event: 11.223 GC heap after
{Heap after GC invocations=91 (full 5):
 PSYoungGen      total 25088K, used 5595K [0x00000000eab00000, 0x00000000ecc00000, 0x0000000100000000)
  eden space 19456K, 0% used [0x00000000eab00000,0x00000000eab00000,0x00000000ebe00000)
  from space 5632K, 99% used [0x00000000ec680000,0x00000000ecbf6fb8,0x00000000ecc00000)
  to   space 6656K, 0% used [0x00000000ebf00000,0x00000000ebf00000,0x00000000ec580000)
 ParOldGen       total 117248K, used 109337K [0x00000000c0000000, 0x00000000c7280000, 0x00000000eab00000)
  object space 117248K, 93% used [0x00000000c0000000,0x00000000c6ac67d8,0x00000000c7280000)
 Metaspace       used 68205K, committed 69504K, reserved 1114112K
  class space    used 7218K, committed 7808K, reserved 1048576K
}
Event: 11.720 GC heap before
{Heap before GC invocations=92 (full 5):
 PSYoungGen      total 25088K, used 25051K [0x00000000eab00000, 0x00000000ecc00000, 0x0000000100000000)
  eden space 19456K, 100% used [0x00000000eab00000,0x00000000ebe00000,0x00000000ebe00000)
  from space 5632K, 99% used [0x00000000ec680000,0x00000000ecbf6fb8,0x00000000ecc00000)
  to   space 6656K, 0% used [0x00000000ebf00000,0x00000000ebf00000,0x00000000ec580000)
 ParOldGen       total 117248K, used 109337K [0x00000000c0000000, 0x00000000c7280000, 0x00000000eab00000)
  object space 117248K, 93% used [0x00000000c0000000,0x00000000c6ac67d8,0x00000000c7280000)
 Metaspace       used 69285K, committed 70656K, reserved 1114112K
  class space    used 7338K, committed 7936K, reserved 1048576K
}
Event: 11.725 GC heap after
{Heap after GC invocations=92 (full 5):
 PSYoungGen      total 26112K, used 6652K [0x00000000eab00000, 0x00000000ecd00000, 0x0000000100000000)
  eden space 19456K, 0% used [0x00000000eab00000,0x00000000eab00000,0x00000000ebe00000)
  from space 6656K, 99% used [0x00000000ebf00000,0x00000000ec57f2d8,0x00000000ec580000)
  to   space 7680K, 0% used [0x00000000ec580000,0x00000000ec580000,0x00000000ecd00000)
 ParOldGen       total 117248K, used 109969K [0x00000000c0000000, 0x00000000c7280000, 0x00000000eab00000)
  object space 117248K, 93% used [0x00000000c0000000,0x00000000c6b647d8,0x00000000c7280000)
 Metaspace       used 69285K, committed 70656K, reserved 1114112K
  class space    used 7338K, committed 7936K, reserved 1048576K
}
Event: 12.935 GC heap before
{Heap before GC invocations=93 (full 5):
 PSYoungGen      total 26112K, used 26108K [0x00000000eab00000, 0x00000000ecd00000, 0x0000000100000000)
  eden space 19456K, 100% used [0x00000000eab00000,0x00000000ebe00000,0x00000000ebe00000)
  from space 6656K, 99% used [0x00000000ebf00000,0x00000000ec57f2d8,0x00000000ec580000)
  to   space 7680K, 0% used [0x00000000ec580000,0x00000000ec580000,0x00000000ecd00000)
 ParOldGen       total 117248K, used 109969K [0x00000000c0000000, 0x00000000c7280000, 0x00000000eab00000)
  object space 117248K, 93% used [0x00000000c0000000,0x00000000c6b647d8,0x00000000c7280000)
 Metaspace       used 70938K, committed 72320K, reserved 1114112K
  class space    used 7501K, committed 8128K, reserved 1048576K
}
Event: 12.942 GC heap after
{Heap after GC invocations=93 (full 5):
 PSYoungGen      total 24576K, used 4893K [0x00000000eab00000, 0x00000000eca80000, 0x0000000100000000)
  eden space 19456K, 0% used [0x00000000eab00000,0x00000000eab00000,0x00000000ebe00000)
  from space 5120K, 95% used [0x00000000ec580000,0x00000000eca477f8,0x00000000eca80000)
  to   space 6144K, 0% used [0x00000000ebe80000,0x00000000ebe80000,0x00000000ec480000)
 ParOldGen       total 117248K, used 111688K [0x00000000c0000000, 0x00000000c7280000, 0x00000000eab00000)
  object space 117248K, 95% used [0x00000000c0000000,0x00000000c6d121e0,0x00000000c7280000)
 Metaspace       used 70938K, committed 72320K, reserved 1114112K
  class space    used 7501K, committed 8128K, reserved 1048576K
}

Dll operation events (11 events):
Event: 0.016 Loaded shared library c:\Users\user\.vscode\extensions\redhat.java-1.35.1-win32-x64\jre\17.0.12-win32-x86_64\bin\java.dll
Event: 0.175 Loaded shared library c:\Users\user\.vscode\extensions\redhat.java-1.35.1-win32-x64\jre\17.0.12-win32-x86_64\bin\zip.dll
Event: 0.178 Loaded shared library C:\Users\user\.vscode\extensions\redhat.java-1.35.1-win32-x64\jre\17.0.12-win32-x86_64\bin\instrument.dll
Event: 0.190 Loaded shared library C:\Users\user\.vscode\extensions\redhat.java-1.35.1-win32-x64\jre\17.0.12-win32-x86_64\bin\net.dll
Event: 0.192 Loaded shared library C:\Users\user\.vscode\extensions\redhat.java-1.35.1-win32-x64\jre\17.0.12-win32-x86_64\bin\nio.dll
Event: 0.197 Loaded shared library C:\Users\user\.vscode\extensions\redhat.java-1.35.1-win32-x64\jre\17.0.12-win32-x86_64\bin\zip.dll
Event: 0.211 Loaded shared library C:\Users\user\.vscode\extensions\redhat.java-1.35.1-win32-x64\jre\17.0.12-win32-x86_64\bin\jimage.dll
Event: 0.277 Loaded shared library c:\Users\user\.vscode\extensions\redhat.java-1.35.1-win32-x64\jre\17.0.12-win32-x86_64\bin\verify.dll
Event: 1.384 Loaded shared library C:\Users\user\AppData\Roaming\Code\User\globalStorage\redhat.java\1.35.1\config_win\org.eclipse.equinox.launcher\org.eclipse.equinox.launcher.win32.win32.x86_64_1.2.1100.v20240722-2106\eclipse_11904.dll
Event: 2.865 Loaded shared library C:\Users\user\AppData\Local\Temp\jna-3599307\jna8256735012392135330.dll
Event: 8.032 Loaded shared library C:\Users\user\.vscode\extensions\redhat.java-1.35.1-win32-x64\jre\17.0.12-win32-x86_64\bin\sunmscapi.dll

Deoptimization events (20 events):
Event: 11.920 Thread 0x000001739d13c520 Uncommon trap: trap_request=0xffffffde fr.pc=0x000001738bb8826c relative=0x000000000000006c
Event: 11.920 Thread 0x000001739d13c520 Uncommon trap: reason=class_check action=maybe_recompile pc=0x000001738bb8826c method=java.util.LinkedHashMap.afterNodeInsertion(Z)V @ 15 c2
Event: 11.920 Thread 0x000001739d13c520 DEOPT PACKING pc=0x000001738bb8826c sp=0x000000092c9fef60
Event: 11.920 Thread 0x000001739d13c520 DEOPT UNPACKING pc=0x000001738b5766a3 sp=0x000000092c9feed8 mode 2
Event: 12.706 Thread 0x000001739ca6e820 Uncommon trap: trap_request=0xffffff6e fr.pc=0x000001738bb935b8 relative=0x0000000000000198
Event: 12.706 Thread 0x000001739ca6e820 Uncommon trap: reason=loop_limit_check action=maybe_recompile pc=0x000001738bb935b8 method=java.lang.StringLatin1.lastIndexOf([BII)I @ 19 c2
Event: 12.706 Thread 0x000001739ca6e820 DEOPT PACKING pc=0x000001738bb935b8 sp=0x000000092acfd4f0
Event: 12.706 Thread 0x000001739ca6e820 DEOPT UNPACKING pc=0x000001738b5766a3 sp=0x000000092acfd3a8 mode 2
Event: 12.742 Thread 0x000001739d13fcd0 Uncommon trap: trap_request=0xffffff45 fr.pc=0x000001738be39774 relative=0x00000000000000d4
Event: 12.742 Thread 0x000001739d13fcd0 Uncommon trap: reason=unstable_if action=reinterpret pc=0x000001738be39774 method=com.google.gson.stream.JsonReader.nextString()Ljava/lang/String; @ 6 c2
Event: 12.742 Thread 0x000001739d13fcd0 DEOPT PACKING pc=0x000001738be39774 sp=0x000000092bffef80
Event: 12.742 Thread 0x000001739d13fcd0 DEOPT UNPACKING pc=0x000001738b5766a3 sp=0x000000092bffef10 mode 2
Event: 12.879 Thread 0x000001739d13c520 DEOPT PACKING pc=0x0000017384c00f8b sp=0x000000092c9fdf20
Event: 12.879 Thread 0x000001739d13c520 DEOPT UNPACKING pc=0x000001738b576e43 sp=0x000000092c9fd3b8 mode 0
Event: 12.883 Thread 0x000001739d13c520 Uncommon trap: trap_request=0xffffffde fr.pc=0x000001738bb8826c relative=0x000000000000006c
Event: 12.884 Thread 0x000001739d13c520 Uncommon trap: reason=class_check action=maybe_recompile pc=0x000001738bb8826c method=java.util.LinkedHashMap.afterNodeInsertion(Z)V @ 15 c2
Event: 12.884 Thread 0x000001739d13c520 DEOPT PACKING pc=0x000001738bb8826c sp=0x000000092c9fef60
Event: 12.884 Thread 0x000001739d13c520 DEOPT UNPACKING pc=0x000001738b5766a3 sp=0x000000092c9feed8 mode 2
Event: 13.252 Thread 0x000001739f889650 DEOPT PACKING pc=0x00000173847f1ac3 sp=0x000000092cffe7d0
Event: 13.253 Thread 0x000001739f889650 DEOPT UNPACKING pc=0x000001738b576e43 sp=0x000000092cffdc68 mode 0

Classes loaded (20 events):
Event: 8.633 Loading class java/util/regex/Pattern$1
Event: 8.634 Loading class java/util/regex/Pattern$1 done
Event: 8.655 Loading class java/lang/Throwable$WrappedPrintWriter
Event: 8.655 Loading class java/lang/Throwable$PrintStreamOrWriter
Event: 8.655 Loading class java/lang/Throwable$PrintStreamOrWriter done
Event: 8.655 Loading class java/lang/Throwable$WrappedPrintWriter done
Event: 10.565 Loading class java/util/concurrent/ForkJoinTask$AdaptedCallable
Event: 10.565 Loading class java/util/concurrent/ForkJoinTask$AdaptedCallable done
Event: 10.565 Loading class java/util/concurrent/CountedCompleter
Event: 10.566 Loading class java/util/concurrent/CountedCompleter done
Event: 10.643 Loading class sun/nio/cs/ISO_8859_1$Decoder
Event: 10.643 Loading class sun/nio/cs/ISO_8859_1$Decoder done
Event: 11.495 Loading class java/util/stream/ReduceOps$2
Event: 11.495 Loading class java/util/stream/ReduceOps$2 done
Event: 11.499 Loading class java/util/stream/ReduceOps$2ReducingSink
Event: 11.500 Loading class java/util/stream/ReduceOps$2ReducingSink done
Event: 11.798 Loading class jdk/internal/ref/CleanerImpl$InnocuousThreadFactory
Event: 11.799 Loading class jdk/internal/ref/CleanerImpl$InnocuousThreadFactory done
Event: 13.035 Loading class java/lang/invoke/MethodHandleImpl$CountingWrapper$1
Event: 13.035 Loading class java/lang/invoke/MethodHandleImpl$CountingWrapper$1 done

Classes unloaded (11 events):
Event: 4.047 Thread 0x00000173ffa395a0 Unloading class 0x0000000100250400 'java/lang/invoke/LambdaForm$MH+0x0000000100250400'
Event: 4.047 Thread 0x00000173ffa395a0 Unloading class 0x0000000100250000 'java/lang/invoke/LambdaForm$MH+0x0000000100250000'
Event: 4.047 Thread 0x00000173ffa395a0 Unloading class 0x000000010024bc00 'java/lang/invoke/LambdaForm$MH+0x000000010024bc00'
Event: 4.047 Thread 0x00000173ffa395a0 Unloading class 0x000000010024b800 'java/lang/invoke/LambdaForm$MH+0x000000010024b800'
Event: 4.047 Thread 0x00000173ffa395a0 Unloading class 0x000000010024b400 'java/lang/invoke/LambdaForm$BMH+0x000000010024b400'
Event: 4.047 Thread 0x00000173ffa395a0 Unloading class 0x000000010024b000 'java/lang/invoke/LambdaForm$DMH+0x000000010024b000'
Event: 4.047 Thread 0x00000173ffa395a0 Unloading class 0x0000000100248400 'java/lang/invoke/LambdaForm$DMH+0x0000000100248400'
Event: 7.489 Thread 0x00000173ffa395a0 Unloading class 0x0000000100623c00 'jdk/internal/reflect/GeneratedSerializationConstructorAccessor31'
Event: 7.489 Thread 0x00000173ffa395a0 Unloading class 0x0000000100623000 'jdk/internal/reflect/GeneratedSerializationConstructorAccessor28'
Event: 7.489 Thread 0x00000173ffa395a0 Unloading class 0x0000000100622800 'jdk/internal/reflect/GeneratedSerializationConstructorAccessor26'
Event: 7.489 Thread 0x00000173ffa395a0 Unloading class 0x0000000100622000 'jdk/internal/reflect/GeneratedSerializationConstructorAccessor25'

Classes redefined (0 events):
No events

Internal exceptions (20 events):
Event: 8.148 Thread 0x000001739d13abd0 Exception <a 'java/lang/NoSuchMethodError'{0x00000000eb163f28}: 'java.lang.Object java.lang.invoke.DirectMethodHandle$Holder.invokeSpecial(java.lang.Object, java.lang.Object, int, long)'> (0x00000000eb163f28) 
thrown [s\src\hotspot\share\interpreter\linkResolver.cpp, line 759]
Event: 8.177 Thread 0x000001739d138860 Exception <a 'sun/nio/fs/WindowsException'{0x00000000eb2d5cf0}> (0x00000000eb2d5cf0) 
thrown [s\src\hotspot\share\prims\jni.cpp, line 516]
Event: 8.177 Thread 0x000001739d138860 Exception <a 'sun/nio/fs/WindowsException'{0x00000000eb2d6328}> (0x00000000eb2d6328) 
thrown [s\src\hotspot\share\prims\jni.cpp, line 516]
Event: 8.244 Thread 0x000001739ca6e820 Implicit null exception at 0x000001738bd1de96 to 0x000001738bd1e610
Event: 8.245 Thread 0x000001739ca6e820 Exception <a 'sun/nio/fs/WindowsException'{0x00000000eb7b5e30}> (0x00000000eb7b5e30) 
thrown [s\src\hotspot\share\prims\jni.cpp, line 516]
Event: 8.245 Thread 0x000001739ca6e820 Exception <a 'sun/nio/fs/WindowsException'{0x00000000eb7b6468}> (0x00000000eb7b6468) 
thrown [s\src\hotspot\share\prims\jni.cpp, line 516]
Event: 8.246 Thread 0x000001739ca6e820 Exception <a 'sun/nio/fs/WindowsException'{0x00000000eb7b71c8}> (0x00000000eb7b71c8) 
thrown [s\src\hotspot\share\prims\jni.cpp, line 516]
Event: 8.246 Thread 0x000001739ca6e820 Exception <a 'sun/nio/fs/WindowsException'{0x00000000eb7b7800}> (0x00000000eb7b7800) 
thrown [s\src\hotspot\share\prims\jni.cpp, line 516]
Event: 8.252 Thread 0x000001739ca6e820 Exception <a 'java/io/FileNotFoundException'{0x00000000eb8578a0}> (0x00000000eb8578a0) 
thrown [s\src\hotspot\share\prims\jni.cpp, line 516]
Event: 8.253 Thread 0x000001739ca6e820 Exception <a 'java/io/FileNotFoundException'{0x00000000eb858608}> (0x00000000eb858608) 
thrown [s\src\hotspot\share\prims\jni.cpp, line 516]
Event: 8.270 Thread 0x000001739ca6e820 Exception <a 'sun/nio/fs/WindowsException'{0x00000000eab535f0}> (0x00000000eab535f0) 
thrown [s\src\hotspot\share\prims\jni.cpp, line 516]
Event: 8.270 Thread 0x000001739ca6e820 Exception <a 'sun/nio/fs/WindowsException'{0x00000000eab53c28}> (0x00000000eab53c28) 
thrown [s\src\hotspot\share\prims\jni.cpp, line 516]
Event: 10.333 Thread 0x000001739ca6e820 Exception <a 'java/lang/NoSuchMethodError'{0x00000000eb727408}: 'void java.lang.invoke.DirectMethodHandle$Holder.invokeInterface(java.lang.Object, java.lang.Object)'> (0x00000000eb727408) 
thrown [s\src\hotspot\share\interpreter\linkResolver.cpp, line 759]
Event: 10.384 Thread 0x000001739f883110 Exception <a 'java/lang/NoSuchMethodError'{0x00000000eb2c0bd8}: 'java.lang.Object java.lang.invoke.Invokers$Holder.linkToTargetMethod(java.lang.Object, java.lang.Object, java.lang.Object, java.lang.Object, java.lang.Object, java.lang.Object, java.lang.Object)'> (0x00000000eb2c0bd8) 
thrown [s\src\hotspot\share\interpreter\linkResolver.cpp, line 759]
Event: 10.384 Thread 0x000001739f886dd0 Exception <a 'java/lang/NoSuchMethodError'{0x00000000eb31d0c8}: 'java.lang.Object java.lang.invoke.Invokers$Holder.linkToTargetMethod(java.lang.Object, java.lang.Object, java.lang.Object, java.lang.Object, java.lang.Object, java.lang.Object, java.lang.Object)'> (0x00000000eb31d0c8) 
thrown [s\src\hotspot\share\interpreter\linkResolver.cpp, line 759]
Event: 11.748 Thread 0x000001739ca6e820 Implicit null exception at 0x000001738baf800f to 0x000001738baf8089
Event: 11.884 Thread 0x000001739d13c520 Exception <a 'java/lang/NoSuchMethodError'{0x00000000eb4e3b98}: 'java.lang.Object java.lang.invoke.DirectMethodHandle$Holder.invokeStatic(java.lang.Object, int, java.lang.Object, java.lang.Object, java.lang.Object, java.lang.Object)'> (0x00000000eb4e3b98) 
thrown [s\src\hotspot\share\interpreter\linkResolver.cpp, line 759]
Event: 12.722 Thread 0x000001739ca6e820 Exception <a 'sun/nio/fs/WindowsException'{0x00000000eb9c01d8}> (0x00000000eb9c01d8) 
thrown [s\src\hotspot\share\prims\jni.cpp, line 516]
Event: 12.854 Thread 0x000001739ca6e820 Exception <a 'sun/nio/fs/WindowsException'{0x00000000eb9c0d08}> (0x00000000eb9c0d08) 
thrown [s\src\hotspot\share\prims\jni.cpp, line 516]
Event: 12.912 Thread 0x000001739ca6e820 Exception <a 'java/lang/NoSuchMethodError'{0x00000000ebd34400}: 'void java.lang.invoke.DirectMethodHandle$Holder.invokeSpecial(java.lang.Object, java.lang.Object, java.lang.Object, java.lang.Object, java.lang.Object)'> (0x00000000ebd34400) 
thrown [s\src\hotspot\share\interpreter\linkResolver.cpp, line 759]

VM Operations (20 events):
Event: 10.791 Executing VM operation: ParallelGCFailedAllocation
Event: 10.797 Executing VM operation: ParallelGCFailedAllocation done
Event: 10.870 Executing VM operation: ParallelGCFailedAllocation
Event: 10.899 Executing VM operation: ParallelGCFailedAllocation done
Event: 10.941 Executing VM operation: ParallelGCFailedAllocation
Event: 10.949 Executing VM operation: ParallelGCFailedAllocation done
Event: 11.000 Executing VM operation: ParallelGCFailedAllocation
Event: 11.031 Executing VM operation: ParallelGCFailedAllocation done
Event: 11.119 Executing VM operation: ParallelGCFailedAllocation
Event: 11.125 Executing VM operation: ParallelGCFailedAllocation done
Event: 11.215 Executing VM operation: ParallelGCFailedAllocation
Event: 11.226 Executing VM operation: ParallelGCFailedAllocation done
Event: 11.498 Executing VM operation: HandshakeAllThreads
Event: 11.498 Executing VM operation: HandshakeAllThreads done
Event: 11.720 Executing VM operation: ParallelGCFailedAllocation
Event: 11.726 Executing VM operation: ParallelGCFailedAllocation done
Event: 12.758 Executing VM operation: ICBufferFull
Event: 12.854 Executing VM operation: ICBufferFull done
Event: 12.935 Executing VM operation: ParallelGCFailedAllocation
Event: 12.942 Executing VM operation: ParallelGCFailedAllocation done

Events (20 events):
Event: 7.954 Thread 0x000001739d13e380 Thread added: 0x000001739d13e380
Event: 7.958 Thread 0x000001739d13ca30 Thread added: 0x000001739d13ca30
Event: 7.965 Thread 0x000001739a704340 Thread added: 0x000001739a704340
Event: 8.020 Thread 0x000001739f8877f0 Thread added: 0x000001739f8877f0
Event: 8.274 Thread 0x000001739f8868c0 Thread added: 0x000001739f8868c0
Event: 9.054 Thread 0x000001739d13ca30 Thread exited: 0x000001739d13ca30
Event: 10.326 Thread 0x000001739a70bbf0 flushing nmethod 0x000001738bce2190
Event: 10.352 Thread 0x000001739f886dd0 Thread added: 0x000001739f886dd0
Event: 10.352 Thread 0x000001739f885990 Thread added: 0x000001739f885990
Event: 10.352 Thread 0x000001739f883110 Thread added: 0x000001739f883110
Event: 10.352 Thread 0x000001739f884550 Thread added: 0x000001739f884550
Event: 10.607 Thread 0x000001739f889b60 Thread added: 0x000001739f889b60
Event: 11.738 Thread 0x000001739f889b60 Thread exited: 0x000001739f889b60
Event: 11.738 Thread 0x000001739f884550 Thread exited: 0x000001739f884550
Event: 11.739 Thread 0x000001739f886dd0 Thread exited: 0x000001739f886dd0
Event: 11.739 Thread 0x000001739f885990 Thread exited: 0x000001739f885990
Event: 11.739 Thread 0x000001739f883110 Thread exited: 0x000001739f883110
Event: 11.799 Thread 0x000001739f886dd0 Thread added: 0x000001739f886dd0
Event: 12.747 Thread 0x000001739f889650 Thread added: 0x000001739f889650
Event: 13.280 Thread 0x000001739a703e30 Thread exited: 0x000001739a703e30


Dynamic libraries:
0x00007ff644f00000 - 0x00007ff644f0e000 	c:\Users\user\.vscode\extensions\redhat.java-1.35.1-win32-x64\jre\17.0.12-win32-x86_64\bin\java.exe
0x00007ff84ba70000 - 0x00007ff84bc68000 	C:\Windows\SYSTEM32\ntdll.dll
0x00007ff849aa0000 - 0x00007ff849b61000 	C:\Windows\System32\KERNEL32.DLL
0x00007ff849560000 - 0x00007ff84985d000 	C:\Windows\System32\KERNELBASE.dll
0x00007ff8499a0000 - 0x00007ff849aa0000 	C:\Windows\System32\ucrtbase.dll
0x00007ff819ee0000 - 0x00007ff819ef7000 	c:\Users\user\.vscode\extensions\redhat.java-1.35.1-win32-x64\jre\17.0.12-win32-x86_64\bin\jli.dll
0x00007ff8190a0000 - 0x00007ff8190bb000 	c:\Users\user\.vscode\extensions\redhat.java-1.35.1-win32-x64\jre\17.0.12-win32-x86_64\bin\VCRUNTIME140.dll
0x00007ff84ace0000 - 0x00007ff84ae7d000 	C:\Windows\System32\USER32.dll
0x00007ff849970000 - 0x00007ff849992000 	C:\Windows\System32\win32u.dll
0x00007ff82c8e0000 - 0x00007ff82cb7a000 	C:\Windows\WinSxS\amd64_microsoft.windows.common-controls_6595b64144ccf1df_6.0.19041.4355_none_60b8b9eb71f62e16\COMCTL32.dll
0x00007ff84af70000 - 0x00007ff84af9b000 	C:\Windows\System32\GDI32.dll
0x00007ff84b3e0000 - 0x00007ff84b47e000 	C:\Windows\System32\msvcrt.dll
0x00007ff849120000 - 0x00007ff849237000 	C:\Windows\System32\gdi32full.dll
0x00007ff849240000 - 0x00007ff8492dd000 	C:\Windows\System32\msvcp_win.dll
0x00007ff84a470000 - 0x00007ff84a49f000 	C:\Windows\System32\IMM32.DLL
0x00007ff82a000000 - 0x00007ff82a00c000 	c:\Users\user\.vscode\extensions\redhat.java-1.35.1-win32-x64\jre\17.0.12-win32-x86_64\bin\vcruntime140_1.dll
0x00007ff813f00000 - 0x00007ff813f8d000 	c:\Users\user\.vscode\extensions\redhat.java-1.35.1-win32-x64\jre\17.0.12-win32-x86_64\bin\msvcp140.dll
0x00007fffc4bd0000 - 0x00007fffc583a000 	c:\Users\user\.vscode\extensions\redhat.java-1.35.1-win32-x64\jre\17.0.12-win32-x86_64\bin\server\jvm.dll
0x00007ff84b4f0000 - 0x00007ff84b5a0000 	C:\Windows\System32\ADVAPI32.dll
0x00007ff84b160000 - 0x00007ff84b200000 	C:\Windows\System32\sechost.dll
0x00007ff84b200000 - 0x00007ff84b323000 	C:\Windows\System32\RPCRT4.dll
0x00007ff849940000 - 0x00007ff849967000 	C:\Windows\System32\bcrypt.dll
0x00007ff84b480000 - 0x00007ff84b4eb000 	C:\Windows\System32\WS2_32.dll
0x00007ff848b00000 - 0x00007ff848b4b000 	C:\Windows\SYSTEM32\POWRPROF.dll
0x00007ff830cf0000 - 0x00007ff830d17000 	C:\Windows\SYSTEM32\WINMM.dll
0x00007ff8427d0000 - 0x00007ff8427da000 	C:\Windows\SYSTEM32\VERSION.dll
0x00007ff848ae0000 - 0x00007ff848af2000 	C:\Windows\SYSTEM32\UMPDC.dll
0x00007ff847030000 - 0x00007ff847042000 	C:\Windows\SYSTEM32\kernel.appcore.dll
0x00007ff829f90000 - 0x00007ff829f9a000 	c:\Users\user\.vscode\extensions\redhat.java-1.35.1-win32-x64\jre\17.0.12-win32-x86_64\bin\jimage.dll
0x00007ff8468c0000 - 0x00007ff846aa4000 	C:\Windows\SYSTEM32\DBGHELP.DLL
0x00007ff8174a0000 - 0x00007ff8174d4000 	C:\Windows\SYSTEM32\dbgcore.DLL
0x00007ff849860000 - 0x00007ff8498e2000 	C:\Windows\System32\bcryptPrimitives.dll
0x00007ff8251e0000 - 0x00007ff8251ee000 	c:\Users\user\.vscode\extensions\redhat.java-1.35.1-win32-x64\jre\17.0.12-win32-x86_64\bin\instrument.dll
0x00007ff813d80000 - 0x00007ff813da5000 	c:\Users\user\.vscode\extensions\redhat.java-1.35.1-win32-x64\jre\17.0.12-win32-x86_64\bin\java.dll
0x00007ff8181b0000 - 0x00007ff8181c8000 	c:\Users\user\.vscode\extensions\redhat.java-1.35.1-win32-x64\jre\17.0.12-win32-x86_64\bin\zip.dll
0x00007ff84a4a0000 - 0x00007ff84ac0f000 	C:\Windows\System32\SHELL32.dll
0x00007ff8471a0000 - 0x00007ff847943000 	C:\Windows\SYSTEM32\windows.storage.dll
0x00007ff84b6d0000 - 0x00007ff84ba23000 	C:\Windows\System32\combase.dll
0x00007ff848b50000 - 0x00007ff848b7e000 	C:\Windows\SYSTEM32\Wldp.dll
0x00007ff84ac10000 - 0x00007ff84acdd000 	C:\Windows\System32\OLEAUT32.dll
0x00007ff84a3c0000 - 0x00007ff84a46d000 	C:\Windows\System32\SHCORE.dll
0x00007ff84a2f0000 - 0x00007ff84a345000 	C:\Windows\System32\shlwapi.dll
0x00007ff849050000 - 0x00007ff849074000 	C:\Windows\SYSTEM32\profapi.dll
0x00007ff816f00000 - 0x00007ff816f19000 	C:\Users\user\.vscode\extensions\redhat.java-1.35.1-win32-x64\jre\17.0.12-win32-x86_64\bin\net.dll
0x00007ff83fac0000 - 0x00007ff83fbcd000 	C:\Windows\SYSTEM32\WINHTTP.dll
0x00007ff848840000 - 0x00007ff8488aa000 	C:\Windows\system32\mswsock.dll
0x00007ff813d60000 - 0x00007ff813d76000 	C:\Users\user\.vscode\extensions\redhat.java-1.35.1-win32-x64\jre\17.0.12-win32-x86_64\bin\nio.dll
0x00007ff8226d0000 - 0x00007ff8226e0000 	c:\Users\user\.vscode\extensions\redhat.java-1.35.1-win32-x64\jre\17.0.12-win32-x86_64\bin\verify.dll
0x00007ff811840000 - 0x00007ff811885000 	C:\Users\user\AppData\Roaming\Code\User\globalStorage\redhat.java\1.35.1\config_win\org.eclipse.equinox.launcher\org.eclipse.equinox.launcher.win32.win32.x86_64_1.2.1100.v20240722-2106\eclipse_11904.dll
0x00007ff84b5a0000 - 0x00007ff84b6cb000 	C:\Windows\System32\ole32.dll
0x00007ff848a30000 - 0x00007ff848a48000 	C:\Windows\SYSTEM32\CRYPTSP.dll
0x00007ff848100000 - 0x00007ff848134000 	C:\Windows\system32\rsaenh.dll
0x00007ff849010000 - 0x00007ff84903e000 	C:\Windows\SYSTEM32\USERENV.dll
0x00007ff848a50000 - 0x00007ff848a5c000 	C:\Windows\SYSTEM32\CRYPTBASE.dll
0x00007ff848520000 - 0x00007ff84855b000 	C:\Windows\SYSTEM32\IPHLPAPI.DLL
0x00007ff84afa0000 - 0x00007ff84afa8000 	C:\Windows\System32\NSI.dll
0x00007ff841c10000 - 0x00007ff841c27000 	C:\Windows\SYSTEM32\dhcpcsvc6.DLL
0x00007ff841750000 - 0x00007ff84176d000 	C:\Windows\SYSTEM32\dhcpcsvc.DLL
0x00007ff848560000 - 0x00007ff84862a000 	C:\Windows\SYSTEM32\DNSAPI.dll
0x00007ff813390000 - 0x00007ff8133d9000 	C:\Users\user\AppData\Local\Temp\jna-3599307\jna8256735012392135330.dll
0x00007ff84a350000 - 0x00007ff84a358000 	C:\Windows\System32\PSAPI.DLL
0x00007ff81a180000 - 0x00007ff81a18e000 	C:\Users\user\.vscode\extensions\redhat.java-1.35.1-win32-x64\jre\17.0.12-win32-x86_64\bin\sunmscapi.dll
0x00007ff849350000 - 0x00007ff8494ac000 	C:\Windows\System32\CRYPT32.dll
0x00007ff848bc0000 - 0x00007ff848be9000 	C:\Windows\SYSTEM32\ncrypt.dll
0x00007ff848b80000 - 0x00007ff848bbb000 	C:\Windows\SYSTEM32\NTASN1.dll

dbghelp: loaded successfully - version: 4.0.5 - missing functions: none
symbol engine: initialized successfully - sym options: 0x614 - pdb path: .;c:\Users\user\.vscode\extensions\redhat.java-1.35.1-win32-x64\jre\17.0.12-win32-x86_64\bin;C:\Windows\SYSTEM32;C:\Windows\WinSxS\amd64_microsoft.windows.common-controls_6595b64144ccf1df_6.0.19041.4355_none_60b8b9eb71f62e16;c:\Users\user\.vscode\extensions\redhat.java-1.35.1-win32-x64\jre\17.0.12-win32-x86_64\bin\server;C:\Users\user\AppData\Roaming\Code\User\globalStorage\redhat.java\1.35.1\config_win\org.eclipse.equinox.launcher\org.eclipse.equinox.launcher.win32.win32.x86_64_1.2.1100.v20240722-2106;C:\Users\user\AppData\Local\Temp\jna-3599307

VM Arguments:
jvm_args: --add-modules=ALL-SYSTEM --add-opens=java.base/java.util=ALL-UNNAMED --add-opens=java.base/java.lang=ALL-UNNAMED --add-opens=java.base/sun.nio.fs=ALL-UNNAMED -Declipse.application=org.eclipse.jdt.ls.core.id1 -Dosgi.bundles.defaultStartLevel=4 -Declipse.product=org.eclipse.jdt.ls.core.product -Djava.import.generatesMetadataFilesAtProjectRoot=false -DDetectVMInstallationsJob.disabled=true -Dfile.encoding=utf8 -XX:+UseParallelGC -XX:GCTimeRatio=4 -XX:AdaptiveSizePolicyWeight=90 -Dsun.zip.disableMemoryMapping=true -Xmx1G -Xms100m -Xlog:disable -javaagent:c:\Users\user\.vscode\extensions\redhat.java-1.35.1-win32-x64\lombok\lombok-1.18.33.jar -XX:+HeapDumpOnOutOfMemoryError -XX:HeapDumpPath=c:\Users\user\AppData\Roaming\Code\User\workspaceStorage\3949468ece15dc12169cc3fc7f1f7f3f\redhat.java -Daether.dependencyCollector.impl=bf 
java_command: c:\Users\user\.vscode\extensions\redhat.java-1.35.1-win32-x64\server\plugins\org.eclipse.equinox.launcher_1.6.900.v20240613-2009.jar -configuration c:\Users\user\AppData\Roaming\Code\User\globalStorage\redhat.java\1.35.1\config_win -data c:\Users\user\AppData\Roaming\Code\User\workspaceStorage\3949468ece15dc12169cc3fc7f1f7f3f\redhat.java\jdt_ws --pipe=\\.\pipe\lsp-9a3b160c0cef1bf9bc8c7c43b848a682-sock
java_class_path (initial): c:\Users\user\.vscode\extensions\redhat.java-1.35.1-win32-x64\server\plugins\org.eclipse.equinox.launcher_1.6.900.v20240613-2009.jar
Launcher Type: SUN_STANDARD

[Global flags]
    uintx AdaptiveSizePolicyWeight                 = 90                                        {product} {command line}
     intx CICompilerCount                          = 4                                         {product} {ergonomic}
    uintx GCTimeRatio                              = 4                                         {product} {command line}
     bool HeapDumpOnOutOfMemoryError               = true                                   {manageable} {command line}
    ccstr HeapDumpPath                             = c:\Users\user\AppData\Roaming\Code\User\workspaceStorage\3949468ece15dc12169cc3fc7f1f7f3f\redhat.java         {manageable} {command line}
   size_t InitialHeapSize                          = 104857600                                 {product} {command line}
   size_t MaxHeapSize                              = 1073741824                                {product} {command line}
   size_t MaxNewSize                               = 357564416                                 {product} {ergonomic}
   size_t MinHeapDeltaBytes                        = 524288                                    {product} {ergonomic}
   size_t MinHeapSize                              = 104857600                                 {product} {command line}
   size_t NewSize                                  = 34603008                                  {product} {ergonomic}
    uintx NonNMethodCodeHeapSize                   = 5839372                                {pd product} {ergonomic}
    uintx NonProfiledCodeHeapSize                  = 122909434                              {pd product} {ergonomic}
   size_t OldSize                                  = 70254592                                  {product} {ergonomic}
    uintx ProfiledCodeHeapSize                     = 122909434                              {pd product} {ergonomic}
    uintx ReservedCodeCacheSize                    = 251658240                              {pd product} {ergonomic}
     bool SegmentedCodeCache                       = true                                      {product} {ergonomic}
   size_t SoftMaxHeapSize                          = 1073741824                             {manageable} {ergonomic}
     bool UseCompressedClassPointers               = true                           {product lp64_product} {ergonomic}
     bool UseCompressedOops                        = true                           {product lp64_product} {ergonomic}
     bool UseLargePagesIndividualAllocation        = false                                  {pd product} {ergonomic}
     bool UseParallelGC                            = true                                      {product} {command line}

Logging:
Log output configuration:
 #0: stdout all=off uptime,level,tags
 #1: stderr all=off uptime,level,tags

Environment Variables:
JAVA_HOME=C:\Program Files\Java\jdk-17
PATH=C:\Program Files\OpenSSL-Win64\bin;C:\Program Files (x86)\Common Files\Oracle\Java\javapath;C:\Program Files\Java\jdk-17\bin;C:\Windows\System32\WindowsPowerShell\v1.0\;C:\Program Files\jre64\bin;C:\Program Files (x86)\Common Files\Oracle\Java\java8path;C:\Program Files\NVIDIA GPU Computing Toolkit\CUDA\v12.3\bin;C:\Program Files\NVIDIA GPU Computing Toolkit\CUDA\v12.3\libnvvp;C:\Program Files\NVIDIA Corporation\NVIDIA NvDLISR;C:\Program Files\NVIDIA Corporation\Nsight Compute 2023.3.1\;C:\;C:\WinAVR-20100110\bin;C:\WinAVR-20100110\utils\bin;C:\Program Files\Cloudflare\Cloudflare WARP\;D:\Programs\TortoiseGit\bin;D:\;D:\Programs\Graphviz\bin;D:\Programs\doxygen\bin;C:\Users\user\AppData\Roaming\Python\Python312\Scripts;C:\Users\user\AppData\Local\Programs\Python\Python310\Tools\scripts;C:\Users\user\AppData\Local\Programs\Python\Python310\Scripts\;C:\Users\user\AppData\Local\Programs\Python\Python310\;C:\Users\user\AppData\Local\Packages\PythonSoftwareFoundation.Python.3.10_qbz5n2kfra8p0\LocalCache\local-packages\Python310\Scripts\;C:\Python312\;C:\Python312\Scripts\;C:\MinGW__\bin;C:\MinGW\bin;C:\MinGW\x86_64-w64-mingw32\bin;C:\WINDOWS\system32;C:\msys64\ucrt64\bin;C:\Program Files\dotnet\;D:\Programs\Cppcheck;D:\Downloads\sonar-scanner-5.0.1.3006-windows\bin;D:\Downloads\build-wrapper-win-x86;C:\Program Files\Microsoft Visual Studio\2022\Community\MSBuild\Current\Bin;C:\Program Files (x86)\Polyspace\R2021a\runtime\win64;C:\Program Files (x86)\Polyspace\R2021a\bin;C:\Program Files (x86)\Polyspace\R2021a\polyspace\bin;C:\Program Files\PuTTY\;C:\Program Files\nodejs\;C:\ProgramData\chocolatey\bin;C:\Users\user\AppData\Local\Microsoft\WindowsApps;C:\Users\user\AppData\Local\Programs\Python\Python310;C:\Users\user\AppData\Local\Programs\Python\Python310\Scripts;C:\Users\user\AppData\Local\Programs\Microsoft VS Code\bin;C:\Users\user\AppData\Local\GitHubDesktop\bin;C:\Users\user\AppData\Local\FFmpeg\bin;D:\Programs\MiKTeX\miktex\bin\x64\;C:\;D:\Programs\Nmap;C:\Progra
USERNAME=user
OS=Windows_NT
PROCESSOR_IDENTIFIER=Intel64 Family 6 Model 165 Stepping 2, GenuineIntel
TMP=C:\Users\user\AppData\Local\Temp
TEMP=C:\Users\user\AppData\Local\Temp



Periodic native trim disabled


---------------  S Y S T E M  ---------------

OS:
 Windows 10 , 64 bit Build 19041 (10.0.19041.4842)
OS uptime: 4 days 22:12 hours

CPU: total 12 (initial active 12) (6 cores per cpu, 2 threads per core) family 6 model 165 stepping 2 microcode 0xf6, cx8, cmov, fxsr, ht, mmx, 3dnowpref, sse, sse2, sse3, ssse3, sse4.1, sse4.2, popcnt, lzcnt, tsc, tscinvbit, avx, avx2, aes, erms, clmul, bmi1, bmi2, adx, fma, vzeroupper, clflush, clflushopt
Processor Information for all 12 processors :
  Max Mhz: 2592, Current Mhz: 2592, Mhz Limit: 2592

Memory: 4k page, system-wide physical 16291M (575M free)
TotalPageFile size 65443M (AvailPageFile size 357M)
current process WorkingSet (physical memory assigned to process): 317M, peak: 319M
current process commit charge ("private bytes"): 370M, peak: 375M

vm_info: OpenJDK 64-Bit Server VM (17.0.12+7) for windows-amd64 JRE (17.0.12+7), built on Jul 16 2024 22:08:24 by "admin" with MS VC++ 16.10 / 16.11 (VS2019)

END.
